<?xml version="1.0" encoding="UTF-8"?>
<testsuite xmlns:xsi="http://www.w3.org/2001/XMLSchema-instance" xsi:noNamespaceSchemaLocation="https://maven.apache.org/surefire/maven-surefire-plugin/xsd/surefire-test-report-3.0.xsd" version="3.0" name="tests.CucumberRunner" time="50.071" tests="1" errors="1" skipped="0" failures="0">
  <properties>
[...]
</properties>
  <testcase name="Проверить поиск товара и добавление в корзину" classname="Поиск товара и добавление в корзину" time="44.601">
    <error message="timeout: Timed out receiving message from renderer: 13.585&#10;  (Session info: chrome=84.0.4147.125)&#10;Build info: version: &apos;3.141.59&apos;, revision: &apos;e82be7d358&apos;, time: &apos;2018-11-14T08:17:03&apos;&#10;System info: host: &apos;DESKTOP-3G037UT&apos;, ip: &apos;192.168.80.1&apos;, os.name: &apos;Windows 10&apos;, os.arch: &apos;amd64&apos;, os.version: &apos;10.0&apos;, java.version: &apos;11.0.5&apos;&#10;Driver info: org.openqa.selenium.chrome.ChromeDriver&#10;Capabilities {acceptInsecureCerts: false, browserName: chrome, browserVersion: 84.0.4147.125, chrome: {chromedriverVersion: 83.0.4103.39 (ccbf011cb2d2b..., userDataDir: C:\Users\Admin\AppData\Loca...}, goog:chromeOptions: {debuggerAddress: localhost:58618}, javascriptEnabled: true, networkConnectionEnabled: false, pageLoadStrategy: normal, platform: WINDOWS, platformName: WINDOWS, proxy: Proxy(), setWindowRect: true, strictFileInteractability: false, timeouts: {implicit: 0, pageLoad: 300000, script: 30000}, unhandledPromptBehavior: dismiss and notify, webauthn:virtualAuthenticators: true}&#10;Session ID: a6ff6539539b1109632ccb073b2e31a9" type="org.openqa.selenium.TimeoutException"><![CDATA[org.openqa.selenium.TimeoutException: 
timeout: Timed out receiving message from renderer: 13.585
  (Session info: chrome=84.0.4147.125)
Build info: version: '3.141.59', revision: 'e82be7d358', time: '2018-11-14T08:17:03'
System info: host: 'DESKTOP-3G037UT', ip: '192.168.80.1', os.name: 'Windows 10', os.arch: 'amd64', os.version: '10.0', java.version: '11.0.5'
Driver info: org.openqa.selenium.chrome.ChromeDriver
Capabilities {acceptInsecureCerts: false, browserName: chrome, browserVersion: 84.0.4147.125, chrome: {chromedriverVersion: 83.0.4103.39 (ccbf011cb2d2b..., userDataDir: C:\Users\Admin\AppData\Loca...}, goog:chromeOptions: {debuggerAddress: localhost:58618}, javascriptEnabled: true, networkConnectionEnabled: false, pageLoadStrategy: normal, platform: WINDOWS, platformName: WINDOWS, proxy: Proxy(), setWindowRect: true, strictFileInteractability: false, timeouts: {implicit: 0, pageLoad: 300000, script: 30000}, unhandledPromptBehavior: dismiss and notify, webauthn:virtualAuthenticators: true}
Session ID: a6ff6539539b1109632ccb073b2e31a9
]]></error>
    <system-out><![CDATA[Функционал: Поиск товара и добавление в корзину

  @all @testWirelessHeadphone
  Сценарий: Проверить поиск товара и добавление в корзину                                            &amp#27;[90m# src/test/resources/Cucumber.feature:21&amp#27;[0m
      &amp#27;[31morg.openqa.selenium.TimeoutException: timeout: Timed out receiving message from renderer: 13.585
  (Session info: chrome=84.0.4147.125)
Build info: version: '3.141.59', revision: 'e82be7d358', time: '2018-11-14T08:17:03'
System info: host: 'DESKTOP-3G037UT', ip: '192.168.80.1', os.name: 'Windows 10', os.arch: 'amd64', os.version: '10.0', java.version: '11.0.5'
Driver info: org.openqa.selenium.chrome.ChromeDriver
Capabilities {acceptInsecureCerts: false, browserName: chrome, browserVersion: 84.0.4147.125, chrome: {chromedriverVersion: 83.0.4103.39 (ccbf011cb2d2b..., userDataDir: C:\Users\Admin\AppData\Loca...}, goog:chromeOptions: {debuggerAddress: localhost:58618}, javascriptEnabled: true, networkConnectionEnabled: false, pageLoadStrategy: normal, platform: WINDOWS, platformName: WINDOWS, proxy: Proxy(), setWindowRect: true, strictFileInteractability: false, timeouts: {implicit: 0, pageLoad: 300000, script: 30000}, unhandledPromptBehavior: dismiss and notify, webauthn:virtualAuthenticators: true}
Session ID: a6ff6539539b1109632ccb073b2e31a9
	at java.base/jdk.internal.reflect.NativeConstructorAccessorImpl.newInstance0(Native Method)
	at java.base/jdk.internal.reflect.NativeConstructorAccessorImpl.newInstance(NativeConstructorAccessorImpl.java:62)
	at java.base/jdk.internal.reflect.DelegatingConstructorAccessorImpl.newInstance(DelegatingConstructorAccessorImpl.java:45)
	at java.base/java.lang.reflect.Constructor.newInstance(Constructor.java:490)
	at org.openqa.selenium.remote.http.W3CHttpResponseCodec.createException(W3CHttpResponseCodec.java:187)
	at org.openqa.selenium.remote.http.W3CHttpResponseCodec.decode(W3CHttpResponseCodec.java:122)
	at org.openqa.selenium.remote.http.W3CHttpResponseCodec.decode(W3CHttpResponseCodec.java:49)
	at org.openqa.selenium.remote.HttpCommandExecutor.execute(HttpCommandExecutor.java:158)
	at org.openqa.selenium.remote.service.DriverCommandExecutor.execute(DriverCommandExecutor.java:83)
	at org.openqa.selenium.remote.RemoteWebDriver.execute(RemoteWebDriver.java:552)
	at org.openqa.selenium.remote.RemoteWebDriver.get(RemoteWebDriver.java:277)
	at appline.managers.InitManager.initFramework(InitManager.java:18)
	at appline.steps.Hooks.setUp(Hooks.java:11)
	at java.base/jdk.internal.reflect.NativeMethodAccessorImpl.invoke0(Native Method)
	at java.base/jdk.internal.reflect.NativeMethodAccessorImpl.invoke(NativeMethodAccessorImpl.java:62)
	at java.base/jdk.internal.reflect.DelegatingMethodAccessorImpl.invoke(DelegatingMethodAccessorImpl.java:43)
	at java.base/java.lang.reflect.Method.invoke(Method.java:566)
	at cucumber.runtime.Utils$1.call(Utils.java:26)
	at cucumber.runtime.Timeout.timeout(Timeout.java:16)
	at cucumber.runtime.Utils.invoke(Utils.java:20)
	at cucumber.runtime.java.JavaHookDefinition.execute(JavaHookDefinition.java:65)
	at cucumber.runner.HookDefinitionMatch.runStep(HookDefinitionMatch.java:16)
	at cucumber.runner.TestStep.executeStep(TestStep.java:65)
	at cucumber.runner.TestStep.run(TestStep.java:50)
	at cucumber.runner.TestCase.run(TestCase.java:42)
	at cucumber.runner.Runner.runPickle(Runner.java:50)
	at io.cucumber.junit.PickleRunners$NoStepDescriptions.run(PickleRunners.java:146)
	at io.cucumber.junit.FeatureRunner.runChild(FeatureRunner.java:68)
	at io.cucumber.junit.FeatureRunner.runChild(FeatureRunner.java:23)
	at org.junit.runners.ParentRunner$4.run(ParentRunner.java:331)
	at org.junit.runners.ParentRunner$1.schedule(ParentRunner.java:79)
	at org.junit.runners.ParentRunner.runChildren(ParentRunner.java:329)
	at org.junit.runners.ParentRunner.access$100(ParentRunner.java:66)
	at org.junit.runners.ParentRunner$2.evaluate(ParentRunner.java:293)
	at org.junit.runners.ParentRunner$3.evaluate(ParentRunner.java:306)
	at org.junit.runners.ParentRunner.run(ParentRunner.java:413)
	at io.cucumber.junit.Cucumber.runChild(Cucumber.java:144)
	at io.cucumber.junit.Cucumber.runChild(Cucumber.java:65)
	at org.junit.runners.ParentRunner$4.run(ParentRunner.java:331)
	at org.junit.runners.ParentRunner$1.schedule(ParentRunner.java:79)
	at org.junit.runners.ParentRunner.runChildren(ParentRunner.java:329)
	at org.junit.runners.ParentRunner.access$100(ParentRunner.java:66)
	at org.junit.runners.ParentRunner$2.evaluate(ParentRunner.java:293)
	at io.cucumber.junit.Cucumber$RunCucumber.evaluate(Cucumber.java:174)
	at org.junit.runners.ParentRunner$3.evaluate(ParentRunner.java:306)
	at org.junit.runners.ParentRunner.run(ParentRunner.java:413)
	at org.apache.maven.surefire.junit4.JUnit4Provider.execute(JUnit4Provider.java:364)
	at org.apache.maven.surefire.junit4.JUnit4Provider.executeWithRerun(JUnit4Provider.java:272)
	at org.apache.maven.surefire.junit4.JUnit4Provider.executeTestSet(JUnit4Provider.java:237)
	at org.apache.maven.surefire.junit4.JUnit4Provider.invoke(JUnit4Provider.java:158)
	at org.apache.maven.surefire.booter.ForkedBooter.runSuitesInProcess(ForkedBooter.java:428)
	at org.apache.maven.surefire.booter.ForkedBooter.execute(ForkedBooter.java:162)
	at org.apache.maven.surefire.booter.ForkedBooter.run(ForkedBooter.java:562)
	at org.apache.maven.surefire.booter.ForkedBooter.main(ForkedBooter.java:548)
&amp#27;[0m
    &amp#27;[36mКогда &amp#27;[0m&amp#27;[36mВводится значение "&amp#27;[0m&amp#27;[36m&amp#27;[1mбеспроводные наушники&amp#27;[0m&amp#27;[36m" в поле "&amp#27;[0m&amp#27;[36m&amp#27;[1mПоиск&amp#27;[0m&amp#27;[36m" на странице "&amp#27;[0m&amp#27;[36m&amp#27;[1mСтартовая страница&amp#27;[0m&amp#27;[36m"&amp#27;[0m  &amp#27;[90m# BaseStep.fillInput(String,String,String)&amp#27;[0m
    &amp#27;[36mИ &amp#27;[0m&amp#27;[36mНажимается кнопка Поиска&amp#27;[0m                                                                       &amp#27;[90m# StartStep.clickButton()&amp#27;[0m
    &amp#27;[36mКогда &amp#27;[0m&amp#27;[36mВводится значение "&amp#27;[0m&amp#27;[36m&amp#27;[1m10000&amp#27;[0m&amp#27;[36m" в поле "&amp#27;[0m&amp#27;[36m&amp#27;[1mМаксимальная цена&amp#27;[0m&amp#27;[36m" на странице "&amp#27;[0m&amp#27;[36m&amp#27;[1mРезультирующая страница&amp#27;[0m&amp#27;[36m"&amp#27;[0m &amp#27;[90m# BaseStep.fillInput(String,String,String)&amp#27;[0m
    &amp#27;[36mИ &amp#27;[0m&amp#27;[36mНажимаем на чекбокс "&amp#27;[0m&amp#27;[36m&amp#27;[1mВысокий рейтинг&amp#27;[0m&amp#27;[36m"&amp#27;[0m                                                          &amp#27;[90m# ResultsSearchStep.selectCheckbox(String)&amp#27;[0m
    &amp#27;[36mИ &amp#27;[0m&amp#27;[36mНажимаем на кнопку 'Развенуть' в блоке "Бренды"&amp#27;[0m                                                &amp#27;[90m# ResultsSearchStep.clickViewAllButton(String)&amp#27;[0m
    &amp#27;[36mИ &amp#27;[0m&amp#27;[36mВыбираем бренд "Beats"&amp#27;[0m                                                                         &amp#27;[90m# ResultsSearchStep.selectCheckboxBrand(String)&amp#27;[0m
    &amp#27;[36mИ &amp#27;[0m&amp#27;[36mВыбираем бренд "Xiaomi"&amp#27;[0m                                                                        &amp#27;[90m# ResultsSearchStep.selectCheckboxBrand(String)&amp#27;[0m
    &amp#27;[36mИ &amp#27;[0m&amp#27;[36mВыбираем бренд "Samsung"&amp#27;[0m                                                                       &amp#27;[90m# ResultsSearchStep.selectCheckboxBrand(String)&amp#27;[0m
    &amp#27;[36mИ &amp#27;[0m&amp#27;[36mДобавляем в корзину &amp#27;[0m&amp#27;[36m&amp#27;[1m8&amp#27;[0m&amp#27;[36m четных товаров&amp#27;[0m                                                           &amp#27;[90m# ResultsSearchStep.addToBasket(int)&amp#27;[0m
    &amp#27;[36mИ &amp#27;[0m&amp#27;[36mПереходим в корзину&amp#27;[0m                                                                            &amp#27;[90m# StartStep.goToBasket()&amp#27;[0m
    &amp#27;[36mИ &amp#27;[0m&amp#27;[36mПроверяем добавленные товары в корзине&amp#27;[0m                                                         &amp#27;[90m# BasketStep.assertProducts()&amp#27;[0m
    &amp#27;[36mИ &amp#27;[0m&amp#27;[36mУдаляем все товары из корзины&amp#27;[0m                                                                  &amp#27;[90m# BasketStep.deleteAllProductsFromBasket()&amp#27;[0m
    &amp#27;[36mИ &amp#27;[0m&amp#27;[36mПроверям, есть ли заголовок "&amp#27;[0m&amp#27;[36m&amp#27;[1mКорзина пуста&amp#27;[0m&amp#27;[36m"&amp#27;[0m                                                    &amp#27;[90m# BasketStep.assertThatBasketIsEmpty(String)&amp#27;[0m
]]></system-out>
    <system-err><![CDATA[SLF4J: Failed to load class "org.slf4j.impl.StaticLoggerBinder".
SLF4J: Defaulting to no-operation (NOP) logger implementation
SLF4J: See http://www.slf4j.org/codes.html#StaticLoggerBinder for further details.
Starting ChromeDriver 83.0.4103.39 (ccbf011cb2d2b19b506d844400483861342c20cd-refs/branch-heads/4103@{#416}) on port 44002
Only local connections are allowed.
Please see https://chromedriver.chromium.org/security-considerations for suggestions on keeping ChromeDriver safe.
ChromeDriver was started successfully.
[1597328222.043][WARNING]: This version of ChromeDriver has not been tested with Chrome version 84.
авг. 13, 2020 5:17:05 PM org.openqa.selenium.remote.ProtocolHandshake createSession
INFO: Detected dialect: W3C
[1597328244.566][SEVERE]: Timed out receiving message from renderer: 13.585
[1597328244.586][SEVERE]: Timed out receiving message from renderer: 13.585
]]></system-err>
  </testcase>
</testsuite>